<?xml version="1.0" encoding="UTF-8"?>
<!-- Generated by org.testng.reporters.JUnitXMLReporter -->
<testsuite ignored="3" name="ExceptionsTest" tests="1" failures="0" timestamp="15 Mar 2019 19:05:41 GMT" time="14.104" errors="0">
  <testcase name="staleElementTest" time="6.434" classname="com.inthinc.my.ExceptionsTests"/>
  <testcase name="notVisibleTest" time="0.0" classname="com.inthinc.my.ExceptionsTests">
    <ignored/>
  </testcase> <!-- notVisibleTest -->
  <testcase name="timeoutTest" time="0.0" classname="com.inthinc.my.ExceptionsTests">
    <ignored/>
  </testcase> <!-- timeoutTest -->
  <testcase name="noSuchElementTest" time="0.0" classname="com.inthinc.my.ExceptionsTests">
    <ignored/>
  </testcase> <!-- noSuchElementTest -->
</testsuite> <!-- ExceptionsTest -->
